<?xml version="1.0" encoding="UTF-8"?>
<!-- Generated by org.testng.reporters.JUnitXMLReporter -->
<testsuite hostname="LN05Y9QLD88496" ignored="0" name="test-number-2" tests="1" failures="1" timestamp="09 Jan 2018 06:40:14 GMT" time="0.001" errors="0">
  <testcase name="journalPeriodname" time="0.0" classname="OCTS_Finance_Automation_TestCases.JournalPeriodName">
    <failure type="java.lang.NullPointerException">
      <![CDATA[java.lang.NullPointerException
	at OCTS_Finance_Automation_TestCases.JournalPeriodName.journalPeriodname(JournalPeriodName.java:88)
	at OCTS_Automation_Main_Modules.Invoke_TestNG_Classes.iterateThroughTestCases(Invoke_TestNG_Classes.java:171)
	at OCTS_UI.FXMLController$1.call(FXMLController.java:365)
	at javafx.concurrent.Task$TaskCallable.call(Task.java:1423)
	at java.util.concurrent.FutureTask.run(Unknown Source)
	at java.lang.Thread.run(Unknown Source)
... Removed 22 stack frames]]>
    </failure>
  </testcase> <!-- journalPeriodname -->
</testsuite> <!-- test-number-2 -->
