<?xml version="1.0" encoding="UTF-8"?>
<!-- Generated by org.testng.reporters.JUnitXMLReporter -->
<testsuite hostname="LN05Y9QLD88496" ignored="0" name="test-number-0" tests="1" failures="1" timestamp="09 Jan 2018 06:40:14 GMT" time="7.703" errors="0">
  <testcase name="OracleCloud_Financial_Webservices" time="7.675" classname="OCTS_Finance_Automation_TestCases.ERP_Financial_Webservice_MainClass">
    <failure type="java.lang.Exception" message="UploadFileToUcm: Error occurred while sending SOAP Request to Server">
      <![CDATA[java.lang.Exception: UploadFileToUcm: Error occurred while sending SOAP Request to Server
	at OCTS_Finance_Automation_TestCases.ERP_Financial_Webservice_MainClass.OracleCloud_Financial_Webservices(ERP_Financial_Webservice_MainClass.java:362)
	at OCTS_Automation_Main_Modules.Invoke_TestNG_Classes.iterateThroughTestCases(Invoke_TestNG_Classes.java:171)
	at OCTS_UI.FXMLController$1.call(FXMLController.java:365)
	at javafx.concurrent.Task$TaskCallable.call(Task.java:1423)
	at java.util.concurrent.FutureTask.run(Unknown Source)
	at java.lang.Thread.run(Unknown Source)
... Removed 22 stack frames]]>
    </failure>
  </testcase> <!-- OracleCloud_Financial_Webservices -->
</testsuite> <!-- test-number-0 -->
